<?xml version="1.0" encoding="UTF-8"?>
<!-- Generated by org.testng.reporters.JUnitXMLReporter -->
<testsuite ignored="0" hostname="M5-L-9D23R93" failures="0" tests="4" name="Default test" time="9.25" errors="0" timestamp="2024-02-26T23:52:24 IST">
  <testcase classname="api.test.UserTests2" name="testpostuser" time="3.4"/>
  <testcase classname="api.test.UserTests2" name="getuserbyname" time="2.029"/>
  <testcase classname="api.test.UserTests2" name="updateusername" time="1.151"/>
  <testcase classname="api.test.UserTests2" name="deleteusername" time="1.824"/>
</testsuite> <!-- Default test -->
