<?xml version="1.0" encoding="UTF-8"?>
<testng-results ignored="0" total="10" passed="10" failed="0" skipped="0">
  <reporter-output>
  </reporter-output>
  <suite started-at="2024-02-27T00:20:45 IST" name="Petsuite" finished-at="2024-02-27T00:21:08 IST" duration-ms="22941">
    <groups>
    </groups>
    <test started-at="2024-02-27T00:20:45 IST" name="petTest" finished-at="2024-02-27T00:21:08 IST" duration-ms="22941">
      <class name="api.test.UserTests">
        <test-method is-config="true" signature="setupdata()[pri:0, instance:api.test.UserTests@2f112965]" started-at="2024-02-27T00:20:45 IST" name="setupdata" finished-at="2024-02-27T00:20:47 IST" duration-ms="1803" status="PASS">
          <reporter-output>
          </reporter-output>
        </test-method> <!-- setupdata -->
        <test-method signature="testpostuser()[pri:1, instance:api.test.UserTests@2f112965]" started-at="2024-02-27T00:20:47 IST" name="testpostuser" finished-at="2024-02-27T00:20:53 IST" duration-ms="5612" status="PASS">
          <reporter-output>
          </reporter-output>
        </test-method> <!-- testpostuser -->
        <test-method signature="getuserbyname()[pri:2, instance:api.test.UserTests@2f112965]" started-at="2024-02-27T00:20:53 IST" name="getuserbyname" finished-at="2024-02-27T00:20:54 IST" duration-ms="1730" status="PASS">
          <reporter-output>
          </reporter-output>
        </test-method> <!-- getuserbyname -->
        <test-method signature="updateusername()[pri:3, instance:api.test.UserTests@2f112965]" started-at="2024-02-27T00:20:54 IST" name="updateusername" finished-at="2024-02-27T00:20:56 IST" duration-ms="1719" status="PASS">
          <reporter-output>
          </reporter-output>
        </test-method> <!-- updateusername -->
        <test-method signature="deleteusername()[pri:4, instance:api.test.UserTests@2f112965]" started-at="2024-02-27T00:20:56 IST" name="deleteusername" finished-at="2024-02-27T00:20:57 IST" duration-ms="1066" status="PASS">
          <reporter-output>
          </reporter-output>
        </test-method> <!-- deleteusername -->
      </class> <!-- api.test.UserTests -->
      <class name="api.test.DDTests">
        <test-method signature="testpostuser(java.lang.String,java.lang.String,java.lang.String,java.lang.String,java.lang.String,java.lang.String,java.lang.String)[pri:1, instance:api.test.DDTests@71b1176b]" started-at="2024-02-27T00:21:00 IST" name="testpostuser" data-provider="data" finished-at="2024-02-27T00:21:01 IST" duration-ms="1141" status="PASS">
          <params>
            <param index="0">
              <value>
                <![CDATA[1010]]>
              </value>
            </param>
            <param index="1">
              <value>
                <![CDATA[testuser1]]>
              </value>
            </param>
            <param index="2">
              <value>
                <![CDATA[John]]>
              </value>
            </param>
            <param index="3">
              <value>
                <![CDATA[Canedy]]>
              </value>
            </param>
            <param index="4">
              <value>
                <![CDATA[a@gmail.com]]>
              </value>
            </param>
            <param index="5">
              <value>
                <![CDATA[test@1]]>
              </value>
            </param>
            <param index="6">
              <value>
                <![CDATA[1234567897]]>
              </value>
            </param>
          </params>
          <reporter-output>
          </reporter-output>
        </test-method> <!-- testpostuser -->
        <test-method signature="testpostuser(java.lang.String,java.lang.String,java.lang.String,java.lang.String,java.lang.String,java.lang.String,java.lang.String)[pri:1, instance:api.test.DDTests@71b1176b]" started-at="2024-02-27T00:21:01 IST" name="testpostuser" data-provider="data" finished-at="2024-02-27T00:21:02 IST" duration-ms="1123" status="PASS">
          <params>
            <param index="0">
              <value>
                <![CDATA[1020]]>
              </value>
            </param>
            <param index="1">
              <value>
                <![CDATA[testuser2]]>
              </value>
            </param>
            <param index="2">
              <value>
                <![CDATA[Kim]]>
              </value>
            </param>
            <param index="3">
              <value>
                <![CDATA[Kom]]>
              </value>
            </param>
            <param index="4">
              <value>
                <![CDATA[b@gmail.com]]>
              </value>
            </param>
            <param index="5">
              <value>
                <![CDATA[test@2]]>
              </value>
            </param>
            <param index="6">
              <value>
                <![CDATA[1234567897]]>
              </value>
            </param>
          </params>
          <reporter-output>
          </reporter-output>
        </test-method> <!-- testpostuser -->
        <test-method signature="testpostuser(java.lang.String,java.lang.String,java.lang.String,java.lang.String,java.lang.String,java.lang.String,java.lang.String)[pri:1, instance:api.test.DDTests@71b1176b]" started-at="2024-02-27T00:21:02 IST" name="testpostuser" data-provider="data" finished-at="2024-02-27T00:21:03 IST" duration-ms="1682" status="PASS">
          <params>
            <param index="0">
              <value>
                <![CDATA[1030]]>
              </value>
            </param>
            <param index="1">
              <value>
                <![CDATA[testuser3]]>
              </value>
            </param>
            <param index="2">
              <value>
                <![CDATA[Smith]]>
              </value>
            </param>
            <param index="3">
              <value>
                <![CDATA[Steve]]>
              </value>
            </param>
            <param index="4">
              <value>
                <![CDATA[c@gmail.com]]>
              </value>
            </param>
            <param index="5">
              <value>
                <![CDATA[test@3]]>
              </value>
            </param>
            <param index="6">
              <value>
                <![CDATA[1234567897]]>
              </value>
            </param>
          </params>
          <reporter-output>
          </reporter-output>
        </test-method> <!-- testpostuser -->
        <test-method signature="deleteuser(java.lang.String)[pri:2, instance:api.test.DDTests@71b1176b]" started-at="2024-02-27T00:21:04 IST" name="deleteuser" data-provider="UserNames" finished-at="2024-02-27T00:21:05 IST" duration-ms="1332" status="PASS">
          <params>
            <param index="0">
              <value>
                <![CDATA[testuser1]]>
              </value>
            </param>
          </params>
          <reporter-output>
          </reporter-output>
        </test-method> <!-- deleteuser -->
        <test-method signature="deleteuser(java.lang.String)[pri:2, instance:api.test.DDTests@71b1176b]" started-at="2024-02-27T00:21:05 IST" name="deleteuser" data-provider="UserNames" finished-at="2024-02-27T00:21:06 IST" duration-ms="1073" status="PASS">
          <params>
            <param index="0">
              <value>
                <![CDATA[testuser2]]>
              </value>
            </param>
          </params>
          <reporter-output>
          </reporter-output>
        </test-method> <!-- deleteuser -->
        <test-method signature="deleteuser(java.lang.String)[pri:2, instance:api.test.DDTests@71b1176b]" started-at="2024-02-27T00:21:06 IST" name="deleteuser" data-provider="UserNames" finished-at="2024-02-27T00:21:08 IST" duration-ms="1704" status="PASS">
          <params>
            <param index="0">
              <value>
                <![CDATA[testuser3]]>
              </value>
            </param>
          </params>
          <reporter-output>
          </reporter-output>
        </test-method> <!-- deleteuser -->
      </class> <!-- api.test.DDTests -->
    </test> <!-- petTest -->
  </suite> <!-- Petsuite -->
</testng-results>
