<?xml version="1.0" encoding="UTF-8"?>
<testsuite name="TestSuite" time="18.21" tests="10" errors="0" skipped="0" failures="0">
  <properties>
[...]
</properties>
  <testcase name="testpostuser" classname="api.test.UserTests" time="5.629"/>
  <testcase name="getuserbyname" classname="api.test.UserTests" time="1.73"/>
  <testcase name="updateusername" classname="api.test.UserTests" time="1.723"/>
  <testcase name="deleteusername" classname="api.test.UserTests" time="1.067"/>
  <testcase name="testpostuser" classname="api.test.DDTests" time="1.143"/>
  <testcase name="testpostuser" classname="api.test.DDTests" time="1.123"/>
  <testcase name="testpostuser" classname="api.test.DDTests" time="1.683"/>
  <testcase name="deleteuser" classname="api.test.DDTests" time="1.333"/>
  <testcase name="deleteuser" classname="api.test.DDTests" time="1.075"/>
  <testcase name="deleteuser" classname="api.test.DDTests" time="1.704"/>
</testsuite>