<?xml version="1.0" encoding="UTF-8"?>
<!-- Generated by org.testng.reporters.JUnitXMLReporter -->
<testsuite ignored="0" hostname="M5-L-9D23R93" failures="0" tests="10" name="petTest" time="22.941" errors="0" timestamp="2024-02-27T00:21:08 IST">
  <testcase classname="api.test.UserTests" name="testpostuser" time="5.612"/>
  <testcase classname="api.test.UserTests" name="getuserbyname" time="1.73"/>
  <testcase classname="api.test.UserTests" name="updateusername" time="1.719"/>
  <testcase classname="api.test.UserTests" name="deleteusername" time="1.066"/>
  <testcase classname="api.test.DDTests" name="testpostuser" time="1.141"/>
  <testcase classname="api.test.DDTests" name="testpostuser" time="1.123"/>
  <testcase classname="api.test.DDTests" name="testpostuser" time="1.682"/>
  <testcase classname="api.test.DDTests" name="deleteuser" time="1.332"/>
  <testcase classname="api.test.DDTests" name="deleteuser" time="1.073"/>
  <testcase classname="api.test.DDTests" name="deleteuser" time="1.704"/>
</testsuite> <!-- petTest -->
