<?xml version="1.0" encoding="UTF-8"?>
<!-- Generated by org.testng.reporters.JUnitXMLReporter -->
<testsuite ignored="0" hostname="M5-L-9D23R93" failures="0" tests="10" name="petTest" time="19.043" errors="0" timestamp="2024-02-26T23:38:41 IST">
  <testcase classname="api.test.UserTests" name="testpostuser" time="3.739"/>
  <testcase classname="api.test.UserTests" name="getuserbyname" time="1.473"/>
  <testcase classname="api.test.UserTests" name="updateusername" time="1.745"/>
  <testcase classname="api.test.UserTests" name="deleteusername" time="1.323"/>
  <testcase classname="api.test.DDTests" name="testpostuser" time="1.346"/>
  <testcase classname="api.test.DDTests" name="testpostuser" time="1.099"/>
  <testcase classname="api.test.DDTests" name="testpostuser" time="1.448"/>
  <testcase classname="api.test.DDTests" name="deleteuser" time="1.4"/>
  <testcase classname="api.test.DDTests" name="deleteuser" time="1.082"/>
  <testcase classname="api.test.DDTests" name="deleteuser" time="1.324"/>
</testsuite> <!-- petTest -->
